[debug] [2022-11-01T10:25:46.677Z] ----------------------------------------------------------------------
[debug] [2022-11-01T10:25:46.679Z] Command:       C:\Program Files\nodejs\node.exe C:\Users\viktor\AppData\Roaming\npm\node_modules\firebase-tools\lib\bin\firebase.js init
[debug] [2022-11-01T10:25:46.680Z] CLI Version:   11.15.0
[debug] [2022-11-01T10:25:46.680Z] Platform:      win32
[debug] [2022-11-01T10:25:46.680Z] Node Version:  v16.17.0
[debug] [2022-11-01T10:25:46.681Z] Time:          Tue Nov 01 2022 11:25:46 GMT+0100 (czas środkowoeuropejski standardowy)
[debug] [2022-11-01T10:25:46.681Z] ----------------------------------------------------------------------
[debug] 
[debug] [2022-11-01T10:25:46.684Z] >>> [apiv2][query] GET https://firebase-public.firebaseio.com/cli.json [none]
[debug] [2022-11-01T10:25:46.704Z] > command requires scopes: ["email","openid","https://www.googleapis.com/auth/cloudplatformprojects.readonly","https://www.googleapis.com/auth/firebase","https://www.googleapis.com/auth/cloud-platform"]
[debug] [2022-11-01T10:25:46.705Z] > authorizing via signed-in user (kushichka@gmail.com)
[info] 
     ######## #### ########  ######## ########     ###     ######  ########
     ##        ##  ##     ## ##       ##     ##  ##   ##  ##       ##
     ######    ##  ########  ######   ########  #########  ######  ######
     ##        ##  ##    ##  ##       ##     ## ##     ##       ## ##
     ##       #### ##     ## ######## ########  ##     ##  ######  ########

You're about to initialize a Firebase project in this directory:

  D:\prog\work-diary

[debug] [2022-11-01T10:25:47.033Z] <<< [apiv2][status] GET https://firebase-public.firebaseio.com/cli.json 200
[debug] [2022-11-01T10:25:47.033Z] <<< [apiv2][body] GET https://firebase-public.firebaseio.com/cli.json {"cloudBuildErrorAfter":1594252800000,"cloudBuildWarnAfter":1590019200000,"defaultNode10After":1594252800000,"minVersion":"3.0.5","node8DeploysDisabledAfter":1613390400000,"node8RuntimeDisabledAfter":1615809600000,"node8WarnAfter":1600128000000}
